<?xml version="1.0" encoding="UTF-8"?>
<!-- Generated by org.testng.reporters.JUnitXMLReporter -->
<testsuite ignored="0" hostname="tranthivan" failures="2" tests="2" name="Single page test on firefox" time="0.267" errors="0" timestamp="30 Aug 2018 04:57:53 GMT">
  <testcase classname="spectos.com.utils.TestCase" name="@AfterClass afterClass" time="0.001">
    <failure type="java.lang.NullPointerException">
      <![CDATA[java.lang.NullPointerException
at spectos.com.utils.TestCase.afterClass(TestCase.java:48)
... Removed 26 stack frames]]>
    </failure>
  </testcase> <!-- @AfterClass afterClass -->
  <testcase classname="spectos.com.test.SinglePage_Test" name="testcase_1" time="0.007">
    <failure type="java.lang.NullPointerException">
      <![CDATA[java.lang.NullPointerException
at spectos.com.utils.TestBase.gotoPage(TestBase.java:32)
at spectos.com.test.SinglePage_Test.testcase_1(SinglePage_Test.java:35)
... Removed 25 stack frames]]>
    </failure>
  </testcase> <!-- testcase_1 -->
  <testcase classname="spectos.com.test.SinglePage_Test" name="testcase_2" time="0.006">
    <failure type="java.lang.NullPointerException">
      <![CDATA[java.lang.NullPointerException
at spectos.com.utils.TestCase.openNewTab(TestCase.java:58)
at spectos.com.test.SinglePage_Test.testcase_2(SinglePage_Test.java:63)
... Removed 25 stack frames]]>
    </failure>
  </testcase> <!-- testcase_2 -->
</testsuite> <!-- Single page test on firefox -->
